This file contains any messages produced by compilers while
running configure, to aid debugging if configure makes a mistake.

It was created by mjpegtools configure 2.0.1, which was
generated by GNU Autoconf 2.69.  Invocation command line was

  $ ./configure 

## --------- ##
## Platform. ##
## --------- ##

hostname = 650bcc594c15
uname -m = x86_64
uname -r = 4.19.104-microsoft-standard
uname -s = Linux
uname -v = #1 SMP Wed Feb 19 06:37:35 UTC 2020

/usr/bin/uname -p = unknown
/bin/uname -X     = unknown

/bin/arch              = unknown
/usr/bin/arch -k       = unknown
/usr/convex/getsysinfo = unknown
/usr/bin/hostinfo      = unknown
/bin/machine           = unknown
/usr/bin/oslevel       = unknown
/bin/universe          = unknown

PATH: /usr/local/sbin
PATH: /usr/local/bin
PATH: /usr/sbin
PATH: /usr/bin
PATH: /sbin
PATH: /bin


## ----------- ##
## Core tests. ##
## ----------- ##

configure:2540: checking build system type
configure:2554: result: x86_64-unknown-linux-gnu
configure:2574: checking host system type
configure:2587: result: x86_64-unknown-linux-gnu
configure:2623: checking for a BSD-compatible install
configure:2691: result: /usr/bin/install -c
configure:2702: checking whether build environment is sane
configure:2757: result: yes
configure:2908: checking for a thread-safe mkdir -p
configure:2947: result: /bin/mkdir -p
configure:2954: checking for gawk
configure:2984: result: no
configure:2954: checking for mawk
configure:2970: found /usr/bin/mawk
configure:2981: result: mawk
configure:2992: checking whether make sets $(MAKE)
configure:3014: result: yes
configure:3096: checking whether to enable maintainer-specific portions of Makefiles
configure:3105: result: no
configure:3226: checking for style of include used by make
configure:3254: result: GNU
configure:3325: checking for gcc
configure:3341: found /usr/bin/gcc
configure:3352: result: gcc
configure:3581: checking for C compiler version
configure:3590: gcc --version >&5
gcc (Ubuntu 7.5.0-3ubuntu1~18.04) 7.5.0
Copyright (C) 2017 Free Software Foundation, Inc.
This is free software; see the source for copying conditions.  There is NO
warranty; not even for MERCHANTABILITY or FITNESS FOR A PARTICULAR PURPOSE.

configure:3601: $? = 0
configure:3590: gcc -v >&5
Using built-in specs.
COLLECT_GCC=gcc
COLLECT_LTO_WRAPPER=/usr/lib/gcc/x86_64-linux-gnu/7/lto-wrapper
OFFLOAD_TARGET_NAMES=nvptx-none
OFFLOAD_TARGET_DEFAULT=1
Target: x86_64-linux-gnu
Configured with: ../src/configure -v --with-pkgversion='Ubuntu 7.5.0-3ubuntu1~18.04' --with-bugurl=file:///usr/share/doc/gcc-7/README.Bugs --enable-languages=c,ada,c++,go,brig,d,fortran,objc,obj-c++ --prefix=/usr --with-gcc-major-version-only --program-suffix=-7 --program-prefix=x86_64-linux-gnu- --enable-shared --enable-linker-build-id --libexecdir=/usr/lib --without-included-gettext --enable-threads=posix --libdir=/usr/lib --enable-nls --enable-bootstrap --enable-clocale=gnu --enable-libstdcxx-debug --enable-libstdcxx-time=yes --with-default-libstdcxx-abi=new --enable-gnu-unique-object --disable-vtable-verify --enable-libmpx --enable-plugin --enable-default-pie --with-system-zlib --with-target-system-zlib --enable-objc-gc=auto --enable-multiarch --disable-werror --with-arch-32=i686 --with-abi=m64 --with-multilib-list=m32,m64,mx32 --enable-multilib --with-tune=generic --enable-offload-targets=nvptx-none --without-cuda-driver --enable-checking=release --build=x86_64-linux-gnu --host=x86_64-linux-gnu --target=x86_64-linux-gnu
Thread model: posix
gcc version 7.5.0 (Ubuntu 7.5.0-3ubuntu1~18.04) 
configure:3601: $? = 0
configure:3590: gcc -V >&5
gcc: error: unrecognized command line option '-V'
gcc: fatal error: no input files
compilation terminated.
configure:3601: $? = 1
configure:3590: gcc -qversion >&5
gcc: error: unrecognized command line option '-qversion'; did you mean '--version'?
gcc: fatal error: no input files
compilation terminated.
configure:3601: $? = 1
configure:3621: checking whether the C compiler works
configure:3643: gcc    conftest.c  >&5
configure:3647: $? = 0
configure:3695: result: yes
configure:3698: checking for C compiler default output file name
configure:3700: result: a.out
configure:3706: checking for suffix of executables
configure:3713: gcc -o conftest    conftest.c  >&5
configure:3717: $? = 0
configure:3739: result: 
configure:3761: checking whether we are cross compiling
configure:3769: gcc -o conftest    conftest.c  >&5
configure:3773: $? = 0
configure:3780: ./conftest
configure:3784: $? = 0
configure:3799: result: no
configure:3804: checking for suffix of object files
configure:3826: gcc -c   conftest.c >&5
configure:3830: $? = 0
configure:3851: result: o
configure:3855: checking whether we are using the GNU C compiler
configure:3874: gcc -c   conftest.c >&5
configure:3874: $? = 0
configure:3883: result: yes
configure:3892: checking whether gcc accepts -g
configure:3912: gcc -c -g  conftest.c >&5
configure:3912: $? = 0
configure:3953: result: yes
configure:3970: checking for gcc option to accept ISO C89
configure:4033: gcc  -c -g -O2  conftest.c >&5
configure:4033: $? = 0
configure:4046: result: none needed
configure:4068: checking dependency style of gcc
configure:4179: result: gcc3
configure:4200: checking how to run the C preprocessor
configure:4231: gcc -E  conftest.c
configure:4231: $? = 0
configure:4245: gcc -E  conftest.c
conftest.c:11:10: fatal error: ac_nonexistent.h: No such file or directory
 #include <ac_nonexistent.h>
          ^~~~~~~~~~~~~~~~~~
compilation terminated.
configure:4245: $? = 1
configure: failed program was:
| /* confdefs.h */
| #define PACKAGE_NAME "mjpegtools"
| #define PACKAGE_TARNAME "mjpegtools"
| #define PACKAGE_VERSION "2.0.1"
| #define PACKAGE_STRING "mjpegtools 2.0.1"
| #define PACKAGE_BUGREPORT "mjpeg-developer@lists.sourceforge.net"
| #define PACKAGE_URL ""
| #define PACKAGE "mjpegtools"
| #define VERSION "2.0.1"
| /* end confdefs.h.  */
| #include <ac_nonexistent.h>
configure:4270: result: gcc -E
configure:4290: gcc -E  conftest.c
configure:4290: $? = 0
configure:4304: gcc -E  conftest.c
conftest.c:11:10: fatal error: ac_nonexistent.h: No such file or directory
 #include <ac_nonexistent.h>
          ^~~~~~~~~~~~~~~~~~
compilation terminated.
configure:4304: $? = 1
configure: failed program was:
| /* confdefs.h */
| #define PACKAGE_NAME "mjpegtools"
| #define PACKAGE_TARNAME "mjpegtools"
| #define PACKAGE_VERSION "2.0.1"
| #define PACKAGE_STRING "mjpegtools 2.0.1"
| #define PACKAGE_BUGREPORT "mjpeg-developer@lists.sourceforge.net"
| #define PACKAGE_URL ""
| #define PACKAGE "mjpegtools"
| #define VERSION "2.0.1"
| /* end confdefs.h.  */
| #include <ac_nonexistent.h>
configure:4333: checking for grep that handles long lines and -e
configure:4391: result: /bin/grep
configure:4396: checking for egrep
configure:4458: result: /bin/grep -E
configure:4463: checking for ANSI C header files
configure:4483: gcc -c -g -O2  conftest.c >&5
configure:4483: $? = 0
configure:4556: gcc -o conftest -g -O2   conftest.c  >&5
configure:4556: $? = 0
configure:4556: ./conftest
configure:4556: $? = 0
configure:4567: result: yes
configure:4580: checking for sys/types.h
configure:4580: gcc -c -g -O2  conftest.c >&5
configure:4580: $? = 0
configure:4580: result: yes
configure:4580: checking for sys/stat.h
configure:4580: gcc -c -g -O2  conftest.c >&5
configure:4580: $? = 0
configure:4580: result: yes
configure:4580: checking for stdlib.h
configure:4580: gcc -c -g -O2  conftest.c >&5
configure:4580: $? = 0
configure:4580: result: yes
configure:4580: checking for string.h
configure:4580: gcc -c -g -O2  conftest.c >&5
configure:4580: $? = 0
configure:4580: result: yes
configure:4580: checking for memory.h
configure:4580: gcc -c -g -O2  conftest.c >&5
configure:4580: $? = 0
configure:4580: result: yes
configure:4580: checking for strings.h
configure:4580: gcc -c -g -O2  conftest.c >&5
configure:4580: $? = 0
configure:4580: result: yes
configure:4580: checking for inttypes.h
configure:4580: gcc -c -g -O2  conftest.c >&5
configure:4580: $? = 0
configure:4580: result: yes
configure:4580: checking for stdint.h
configure:4580: gcc -c -g -O2  conftest.c >&5
configure:4580: $? = 0
configure:4580: result: yes
configure:4580: checking for unistd.h
configure:4580: gcc -c -g -O2  conftest.c >&5
configure:4580: $? = 0
configure:4580: result: yes
configure:4593: checking minix/config.h usability
configure:4593: gcc -c -g -O2  conftest.c >&5
conftest.c:54:10: fatal error: minix/config.h: No such file or directory
 #include <minix/config.h>
          ^~~~~~~~~~~~~~~~
compilation terminated.
configure:4593: $? = 1
configure: failed program was:
| /* confdefs.h */
| #define PACKAGE_NAME "mjpegtools"
| #define PACKAGE_TARNAME "mjpegtools"
| #define PACKAGE_VERSION "2.0.1"
| #define PACKAGE_STRING "mjpegtools 2.0.1"
| #define PACKAGE_BUGREPORT "mjpeg-developer@lists.sourceforge.net"
| #define PACKAGE_URL ""
| #define PACKAGE "mjpegtools"
| #define VERSION "2.0.1"
| #define STDC_HEADERS 1
| #define HAVE_SYS_TYPES_H 1
| #define HAVE_SYS_STAT_H 1
| #define HAVE_STDLIB_H 1
| #define HAVE_STRING_H 1
| #define HAVE_MEMORY_H 1
| #define HAVE_STRINGS_H 1
| #define HAVE_INTTYPES_H 1
| #define HAVE_STDINT_H 1
| #define HAVE_UNISTD_H 1
| /* end confdefs.h.  */
| #include <stdio.h>
| #ifdef HAVE_SYS_TYPES_H
| # include <sys/types.h>
| #endif
| #ifdef HAVE_SYS_STAT_H
| # include <sys/stat.h>
| #endif
| #ifdef STDC_HEADERS
| # include <stdlib.h>
| # include <stddef.h>
| #else
| # ifdef HAVE_STDLIB_H
| #  include <stdlib.h>
| # endif
| #endif
| #ifdef HAVE_STRING_H
| # if !defined STDC_HEADERS && defined HAVE_MEMORY_H
| #  include <memory.h>
| # endif
| # include <string.h>
| #endif
| #ifdef HAVE_STRINGS_H
| # include <strings.h>
| #endif
| #ifdef HAVE_INTTYPES_H
| # include <inttypes.h>
| #endif
| #ifdef HAVE_STDINT_H
| # include <stdint.h>
| #endif
| #ifdef HAVE_UNISTD_H
| # include <unistd.h>
| #endif
| #include <minix/config.h>
configure:4593: result: no
configure:4593: checking minix/config.h presence
configure:4593: gcc -E  conftest.c
conftest.c:21:10: fatal error: minix/config.h: No such file or directory
 #include <minix/config.h>
          ^~~~~~~~~~~~~~~~
compilation terminated.
configure:4593: $? = 1
configure: failed program was:
| /* confdefs.h */
| #define PACKAGE_NAME "mjpegtools"
| #define PACKAGE_TARNAME "mjpegtools"
| #define PACKAGE_VERSION "2.0.1"
| #define PACKAGE_STRING "mjpegtools 2.0.1"
| #define PACKAGE_BUGREPORT "mjpeg-developer@lists.sourceforge.net"
| #define PACKAGE_URL ""
| #define PACKAGE "mjpegtools"
| #define VERSION "2.0.1"
| #define STDC_HEADERS 1
| #define HAVE_SYS_TYPES_H 1
| #define HAVE_SYS_STAT_H 1
| #define HAVE_STDLIB_H 1
| #define HAVE_STRING_H 1
| #define HAVE_MEMORY_H 1
| #define HAVE_STRINGS_H 1
| #define HAVE_INTTYPES_H 1
| #define HAVE_STDINT_H 1
| #define HAVE_UNISTD_H 1
| /* end confdefs.h.  */
| #include <minix/config.h>
configure:4593: result: no
configure:4593: checking for minix/config.h
configure:4593: result: no
configure:4614: checking whether it is safe to define __EXTENSIONS__
configure:4632: gcc -c -g -O2  conftest.c >&5
configure:4632: $? = 0
configure:4639: result: yes
configure:4701: checking how to print strings
configure:4728: result: printf
configure:4749: checking for a sed that does not truncate output
configure:4813: result: /bin/sed
configure:4831: checking for fgrep
configure:4893: result: /bin/grep -F
configure:4928: checking for ld used by gcc
configure:4995: result: /usr/bin/ld
configure:5002: checking if the linker (/usr/bin/ld) is GNU ld
configure:5017: result: yes
configure:5029: checking for BSD- or MS-compatible name lister (nm)
configure:5078: result: /usr/bin/nm -B
configure:5208: checking the name lister (/usr/bin/nm -B) interface
configure:5215: gcc -c -g -O2  conftest.c >&5
configure:5218: /usr/bin/nm -B "conftest.o"
configure:5221: output
0000000000000000 B some_variable
configure:5228: result: BSD nm
configure:5231: checking whether ln -s works
configure:5235: result: yes
configure:5243: checking the maximum length of command line arguments
configure:5373: result: 1572864
configure:5390: checking whether the shell understands some XSI constructs
configure:5400: result: yes
configure:5404: checking whether the shell understands "+="
configure:5410: result: yes
configure:5445: checking how to convert x86_64-unknown-linux-gnu file names to x86_64-unknown-linux-gnu format
configure:5485: result: func_convert_file_noop
configure:5492: checking how to convert x86_64-unknown-linux-gnu file names to toolchain format
configure:5512: result: func_convert_file_noop
configure:5519: checking for /usr/bin/ld option to reload object files
configure:5526: result: -r
configure:5600: checking for objdump
configure:5616: found /usr/bin/objdump
configure:5627: result: objdump
configure:5659: checking how to recognize dependent libraries
configure:5861: result: pass_all
configure:5946: checking for dlltool
configure:5976: result: no
configure:6006: checking how to associate runtime and link libraries
configure:6033: result: printf %s\n
configure:6093: checking for ar
configure:6109: found /usr/bin/ar
configure:6120: result: ar
configure:6157: checking for archiver @FILE support
configure:6174: gcc -c -g -O2  conftest.c >&5
configure:6174: $? = 0
configure:6177: ar cru libconftest.a @conftest.lst >&5
ar: `u' modifier ignored since `D' is the default (see `U')
configure:6180: $? = 0
configure:6185: ar cru libconftest.a @conftest.lst >&5
ar: `u' modifier ignored since `D' is the default (see `U')
ar: conftest.o: No such file or directory
configure:6188: $? = 1
configure:6200: result: @
configure:6258: checking for strip
configure:6274: found /usr/bin/strip
configure:6285: result: strip
configure:6357: checking for ranlib
configure:6373: found /usr/bin/ranlib
configure:6384: result: ranlib
configure:6486: checking command to parse /usr/bin/nm -B output from gcc object
configure:6606: gcc -c -g -O2  conftest.c >&5
configure:6609: $? = 0
configure:6613: /usr/bin/nm -B conftest.o \| sed -n -e 's/^.*[ ]\([ABCDGIRSTW][ABCDGIRSTW]*\)[ ][ ]*\([_A-Za-z][_A-Za-z0-9]*\)$/\1 \2 \2/p' | sed '/ __gnu_lto/d' \> conftest.nm
configure:6616: $? = 0
configure:6682: gcc -o conftest -g -O2   conftest.c conftstm.o >&5
configure:6685: $? = 0
configure:6723: result: ok
configure:6760: checking for sysroot
configure:6790: result: no
configure:6867: gcc -c -g -O2  conftest.c >&5
configure:6870: $? = 0
configure:7046: checking for mt
configure:7076: result: no
configure:7096: checking if : is a manifest tool
configure:7102: : '-?'
configure:7110: result: no
configure:7749: checking for dlfcn.h
configure:7749: gcc -c -g -O2  conftest.c >&5
configure:7749: $? = 0
configure:7749: result: yes
configure:7955: checking for objdir
configure:7970: result: .libs
configure:8237: checking if gcc supports -fno-rtti -fno-exceptions
configure:8255: gcc -c -g -O2  -fno-rtti -fno-exceptions conftest.c >&5
cc1: warning: command line option '-fno-rtti' is valid for C++/ObjC++ but not for C
configure:8259: $? = 0
configure:8272: result: no
configure:8599: checking for gcc option to produce PIC
configure:8606: result: -fPIC -DPIC
configure:8614: checking if gcc PIC flag -fPIC -DPIC works
configure:8632: gcc -c -g -O2  -fPIC -DPIC -DPIC conftest.c >&5
configure:8636: $? = 0
configure:8649: result: yes
configure:8678: checking if gcc static flag -static works
configure:8706: result: yes
configure:8721: checking if gcc supports -c -o file.o
configure:8742: gcc -c -g -O2  -o out/conftest2.o conftest.c >&5
configure:8746: $? = 0
configure:8768: result: yes
configure:8776: checking if gcc supports -c -o file.o
configure:8823: result: yes
configure:8856: checking whether the gcc linker (/usr/bin/ld) supports shared libraries
configure:10009: result: yes
configure:10046: checking whether -lc should be explicitly linked in
configure:10054: gcc -c -g -O2  conftest.c >&5
configure:10057: $? = 0
configure:10072: gcc -shared  -fPIC -DPIC conftest.o  -v -Wl,-soname -Wl,conftest -o conftest 2\>\&1 \| /bin/grep  -lc  \>/dev/null 2\>\&1
configure:10075: $? = 0
configure:10089: result: no
configure:10249: checking dynamic linker characteristics
configure:10760: gcc -o conftest -g -O2   -Wl,-rpath -Wl,/foo conftest.c  >&5
configure:10760: $? = 0
configure:10982: result: GNU/Linux ld.so
configure:11089: checking how to hardcode library paths into programs
configure:11114: result: immediate
configure:11654: checking whether stripping libraries is possible
configure:11659: result: yes
configure:11694: checking if libtool supports shared libraries
configure:11696: result: yes
configure:11699: checking whether to build shared libraries
configure:11720: result: yes
configure:11723: checking whether to build static libraries
configure:11727: result: yes
configure:11769: checking for gawk
configure:11796: result: mawk
configure:11855: checking for gcc
configure:11882: result: gcc
configure:12111: checking for C compiler version
configure:12120: gcc --version >&5
gcc (Ubuntu 7.5.0-3ubuntu1~18.04) 7.5.0
Copyright (C) 2017 Free Software Foundation, Inc.
This is free software; see the source for copying conditions.  There is NO
warranty; not even for MERCHANTABILITY or FITNESS FOR A PARTICULAR PURPOSE.

configure:12131: $? = 0
configure:12120: gcc -v >&5
Using built-in specs.
COLLECT_GCC=gcc
COLLECT_LTO_WRAPPER=/usr/lib/gcc/x86_64-linux-gnu/7/lto-wrapper
OFFLOAD_TARGET_NAMES=nvptx-none
OFFLOAD_TARGET_DEFAULT=1
Target: x86_64-linux-gnu
Configured with: ../src/configure -v --with-pkgversion='Ubuntu 7.5.0-3ubuntu1~18.04' --with-bugurl=file:///usr/share/doc/gcc-7/README.Bugs --enable-languages=c,ada,c++,go,brig,d,fortran,objc,obj-c++ --prefix=/usr --with-gcc-major-version-only --program-suffix=-7 --program-prefix=x86_64-linux-gnu- --enable-shared --enable-linker-build-id --libexecdir=/usr/lib --without-included-gettext --enable-threads=posix --libdir=/usr/lib --enable-nls --enable-bootstrap --enable-clocale=gnu --enable-libstdcxx-debug --enable-libstdcxx-time=yes --with-default-libstdcxx-abi=new --enable-gnu-unique-object --disable-vtable-verify --enable-libmpx --enable-plugin --enable-default-pie --with-system-zlib --with-target-system-zlib --enable-objc-gc=auto --enable-multiarch --disable-werror --with-arch-32=i686 --with-abi=m64 --with-multilib-list=m32,m64,mx32 --enable-multilib --with-tune=generic --enable-offload-targets=nvptx-none --without-cuda-driver --enable-checking=release --build=x86_64-linux-gnu --host=x86_64-linux-gnu --target=x86_64-linux-gnu
Thread model: posix
gcc version 7.5.0 (Ubuntu 7.5.0-3ubuntu1~18.04) 
configure:12131: $? = 0
configure:12120: gcc -V >&5
gcc: error: unrecognized command line option '-V'
gcc: fatal error: no input files
compilation terminated.
configure:12131: $? = 1
configure:12120: gcc -qversion >&5
gcc: error: unrecognized command line option '-qversion'; did you mean '--version'?
gcc: fatal error: no input files
compilation terminated.
configure:12131: $? = 1
configure:12135: checking whether we are using the GNU C compiler
configure:12163: result: yes
configure:12172: checking whether gcc accepts -g
configure:12233: result: yes
configure:12250: checking for gcc option to accept ISO C89
configure:12326: result: none needed
configure:12348: checking dependency style of gcc
configure:12459: result: gcc3
configure:12477: checking whether gcc and cc understand -c and -o together
configure:12508: gcc -c conftest.c -o conftest2.o >&5
configure:12512: $? = 0
configure:12518: gcc -c conftest.c -o conftest2.o >&5
configure:12522: $? = 0
configure:12533: cc -c conftest.c >&5
configure:12537: $? = 0
configure:12545: cc -c conftest.c -o conftest2.o >&5
configure:12549: $? = 0
configure:12555: cc -c conftest.c -o conftest2.o >&5
configure:12559: $? = 0
configure:12577: result: yes
configure:12662: checking for g++
configure:12678: found /usr/bin/g++
configure:12689: result: g++
configure:12716: checking for C++ compiler version
configure:12725: g++ --version >&5
g++ (Ubuntu 7.5.0-3ubuntu1~18.04) 7.5.0
Copyright (C) 2017 Free Software Foundation, Inc.
This is free software; see the source for copying conditions.  There is NO
warranty; not even for MERCHANTABILITY or FITNESS FOR A PARTICULAR PURPOSE.

configure:12736: $? = 0
configure:12725: g++ -v >&5
Using built-in specs.
COLLECT_GCC=g++
COLLECT_LTO_WRAPPER=/usr/lib/gcc/x86_64-linux-gnu/7/lto-wrapper
OFFLOAD_TARGET_NAMES=nvptx-none
OFFLOAD_TARGET_DEFAULT=1
Target: x86_64-linux-gnu
Configured with: ../src/configure -v --with-pkgversion='Ubuntu 7.5.0-3ubuntu1~18.04' --with-bugurl=file:///usr/share/doc/gcc-7/README.Bugs --enable-languages=c,ada,c++,go,brig,d,fortran,objc,obj-c++ --prefix=/usr --with-gcc-major-version-only --program-suffix=-7 --program-prefix=x86_64-linux-gnu- --enable-shared --enable-linker-build-id --libexecdir=/usr/lib --without-included-gettext --enable-threads=posix --libdir=/usr/lib --enable-nls --enable-bootstrap --enable-clocale=gnu --enable-libstdcxx-debug --enable-libstdcxx-time=yes --with-default-libstdcxx-abi=new --enable-gnu-unique-object --disable-vtable-verify --enable-libmpx --enable-plugin --enable-default-pie --with-system-zlib --with-target-system-zlib --enable-objc-gc=auto --enable-multiarch --disable-werror --with-arch-32=i686 --with-abi=m64 --with-multilib-list=m32,m64,mx32 --enable-multilib --with-tune=generic --enable-offload-targets=nvptx-none --without-cuda-driver --enable-checking=release --build=x86_64-linux-gnu --host=x86_64-linux-gnu --target=x86_64-linux-gnu
Thread model: posix
gcc version 7.5.0 (Ubuntu 7.5.0-3ubuntu1~18.04) 
configure:12736: $? = 0
configure:12725: g++ -V >&5
g++: error: unrecognized command line option '-V'
g++: fatal error: no input files
compilation terminated.
configure:12736: $? = 1
configure:12725: g++ -qversion >&5
g++: error: unrecognized command line option '-qversion'; did you mean '--version'?
g++: fatal error: no input files
compilation terminated.
configure:12736: $? = 1
configure:12740: checking whether we are using the GNU C++ compiler
configure:12759: g++ -c   conftest.cpp >&5
configure:12759: $? = 0
configure:12768: result: yes
configure:12777: checking whether g++ accepts -g
configure:12797: g++ -c -g  conftest.cpp >&5
configure:12797: $? = 0
configure:12838: result: yes
configure:12863: checking dependency style of g++
configure:12974: result: gcc3
configure:13007: checking how to run the C++ preprocessor
configure:13034: g++ -E  conftest.cpp
configure:13034: $? = 0
configure:13048: g++ -E  conftest.cpp
conftest.cpp:28:10: fatal error: ac_nonexistent.h: No such file or directory
 #include <ac_nonexistent.h>
          ^~~~~~~~~~~~~~~~~~
compilation terminated.
configure:13048: $? = 1
configure: failed program was:
| /* confdefs.h */
| #define PACKAGE_NAME "mjpegtools"
| #define PACKAGE_TARNAME "mjpegtools"
| #define PACKAGE_VERSION "2.0.1"
| #define PACKAGE_STRING "mjpegtools 2.0.1"
| #define PACKAGE_BUGREPORT "mjpeg-developer@lists.sourceforge.net"
| #define PACKAGE_URL ""
| #define PACKAGE "mjpegtools"
| #define VERSION "2.0.1"
| #define STDC_HEADERS 1
| #define HAVE_SYS_TYPES_H 1
| #define HAVE_SYS_STAT_H 1
| #define HAVE_STDLIB_H 1
| #define HAVE_STRING_H 1
| #define HAVE_MEMORY_H 1
| #define HAVE_STRINGS_H 1
| #define HAVE_INTTYPES_H 1
| #define HAVE_STDINT_H 1
| #define HAVE_UNISTD_H 1
| #define __EXTENSIONS__ 1
| #define _ALL_SOURCE 1
| #define _GNU_SOURCE 1
| #define _POSIX_PTHREAD_SEMANTICS 1
| #define _TANDEM_SOURCE 1
| #define HAVE_DLFCN_H 1
| #define LT_OBJDIR ".libs/"
| /* end confdefs.h.  */
| #include <ac_nonexistent.h>
configure:13073: result: g++ -E
configure:13093: g++ -E  conftest.cpp
configure:13093: $? = 0
configure:13107: g++ -E  conftest.cpp
conftest.cpp:28:10: fatal error: ac_nonexistent.h: No such file or directory
 #include <ac_nonexistent.h>
          ^~~~~~~~~~~~~~~~~~
compilation terminated.
configure:13107: $? = 1
configure: failed program was:
| /* confdefs.h */
| #define PACKAGE_NAME "mjpegtools"
| #define PACKAGE_TARNAME "mjpegtools"
| #define PACKAGE_VERSION "2.0.1"
| #define PACKAGE_STRING "mjpegtools 2.0.1"
| #define PACKAGE_BUGREPORT "mjpeg-developer@lists.sourceforge.net"
| #define PACKAGE_URL ""
| #define PACKAGE "mjpegtools"
| #define VERSION "2.0.1"
| #define STDC_HEADERS 1
| #define HAVE_SYS_TYPES_H 1
| #define HAVE_SYS_STAT_H 1
| #define HAVE_STDLIB_H 1
| #define HAVE_STRING_H 1
| #define HAVE_MEMORY_H 1
| #define HAVE_STRINGS_H 1
| #define HAVE_INTTYPES_H 1
| #define HAVE_STDINT_H 1
| #define HAVE_UNISTD_H 1
| #define __EXTENSIONS__ 1
| #define _ALL_SOURCE 1
| #define _GNU_SOURCE 1
| #define _POSIX_PTHREAD_SEMANTICS 1
| #define _TANDEM_SOURCE 1
| #define HAVE_DLFCN_H 1
| #define LT_OBJDIR ".libs/"
| /* end confdefs.h.  */
| #include <ac_nonexistent.h>
configure:13276: checking for ld used by g++
configure:13343: result: /usr/bin/ld
configure:13350: checking if the linker (/usr/bin/ld) is GNU ld
configure:13365: result: yes
configure:13420: checking whether the g++ linker (/usr/bin/ld) supports shared libraries
configure:14425: result: yes
configure:14461: g++ -c -g -O2  conftest.cpp >&5
configure:14464: $? = 0
configure:14984: checking for g++ option to produce PIC
configure:14991: result: -fPIC -DPIC
configure:14999: checking if g++ PIC flag -fPIC -DPIC works
configure:15017: g++ -c -g -O2  -fPIC -DPIC -DPIC conftest.cpp >&5
configure:15021: $? = 0
configure:15034: result: yes
configure:15057: checking if g++ static flag -static works
configure:15085: result: yes
configure:15097: checking if g++ supports -c -o file.o
configure:15118: g++ -c -g -O2  -o out/conftest2.o conftest.cpp >&5
configure:15122: $? = 0
configure:15144: result: yes
configure:15149: checking if g++ supports -c -o file.o
configure:15196: result: yes
configure:15226: checking whether the g++ linker (/usr/bin/ld) supports shared libraries
configure:15262: result: yes
configure:15403: checking dynamic linker characteristics
configure:16070: result: GNU/Linux ld.so
configure:16123: checking how to hardcode library paths into programs
configure:16148: result: immediate
configure:16189: checking whether ln -s works
configure:16193: result: yes
configure:16200: checking whether byte ordering is bigendian
configure:16215: gcc -c -g -O2  conftest.c >&5
conftest.c:29:9: error: unknown type name 'not'
         not a universal capable compiler
         ^~~
conftest.c:29:15: error: expected '=', ',', ';', 'asm' or '__attribute__' before 'universal'
         not a universal capable compiler
               ^~~~~~~~~
conftest.c:29:15: error: unknown type name 'universal'
configure:16215: $? = 1
configure: failed program was:
| /* confdefs.h */
| #define PACKAGE_NAME "mjpegtools"
| #define PACKAGE_TARNAME "mjpegtools"
| #define PACKAGE_VERSION "2.0.1"
| #define PACKAGE_STRING "mjpegtools 2.0.1"
| #define PACKAGE_BUGREPORT "mjpeg-developer@lists.sourceforge.net"
| #define PACKAGE_URL ""
| #define PACKAGE "mjpegtools"
| #define VERSION "2.0.1"
| #define STDC_HEADERS 1
| #define HAVE_SYS_TYPES_H 1
| #define HAVE_SYS_STAT_H 1
| #define HAVE_STDLIB_H 1
| #define HAVE_STRING_H 1
| #define HAVE_MEMORY_H 1
| #define HAVE_STRINGS_H 1
| #define HAVE_INTTYPES_H 1
| #define HAVE_STDINT_H 1
| #define HAVE_UNISTD_H 1
| #define __EXTENSIONS__ 1
| #define _ALL_SOURCE 1
| #define _GNU_SOURCE 1
| #define _POSIX_PTHREAD_SEMANTICS 1
| #define _TANDEM_SOURCE 1
| #define HAVE_DLFCN_H 1
| #define LT_OBJDIR ".libs/"
| /* end confdefs.h.  */
| #ifndef __APPLE_CC__
| 	       not a universal capable compiler
| 	     #endif
| 	     typedef int dummy;
| 
configure:16260: gcc -c -g -O2  conftest.c >&5
configure:16260: $? = 0
configure:16278: gcc -c -g -O2  conftest.c >&5
conftest.c: In function 'main':
conftest.c:35:4: error: unknown type name 'not'; did you mean 'ino_t'?
    not big endian
    ^~~
    ino_t
conftest.c:35:12: error: expected '=', ',', ';', 'asm' or '__attribute__' before 'endian'
    not big endian
            ^~~~~~
configure:16278: $? = 1
configure: failed program was:
| /* confdefs.h */
| #define PACKAGE_NAME "mjpegtools"
| #define PACKAGE_TARNAME "mjpegtools"
| #define PACKAGE_VERSION "2.0.1"
| #define PACKAGE_STRING "mjpegtools 2.0.1"
| #define PACKAGE_BUGREPORT "mjpeg-developer@lists.sourceforge.net"
| #define PACKAGE_URL ""
| #define PACKAGE "mjpegtools"
| #define VERSION "2.0.1"
| #define STDC_HEADERS 1
| #define HAVE_SYS_TYPES_H 1
| #define HAVE_SYS_STAT_H 1
| #define HAVE_STDLIB_H 1
| #define HAVE_STRING_H 1
| #define HAVE_MEMORY_H 1
| #define HAVE_STRINGS_H 1
| #define HAVE_INTTYPES_H 1
| #define HAVE_STDINT_H 1
| #define HAVE_UNISTD_H 1
| #define __EXTENSIONS__ 1
| #define _ALL_SOURCE 1
| #define _GNU_SOURCE 1
| #define _POSIX_PTHREAD_SEMANTICS 1
| #define _TANDEM_SOURCE 1
| #define HAVE_DLFCN_H 1
| #define LT_OBJDIR ".libs/"
| /* end confdefs.h.  */
| #include <sys/types.h>
| 		#include <sys/param.h>
| 
| int
| main ()
| {
| #if BYTE_ORDER != BIG_ENDIAN
| 		 not big endian
| 		#endif
| 
|   ;
|   return 0;
| }
configure:16406: result: no
configure:16424: checking for an ANSI C-conforming const
configure:16490: gcc -c -g -O2  conftest.c >&5
configure:16490: $? = 0
configure:16497: result: yes
configure:16505: checking for inline
configure:16521: gcc -c -g -O2  conftest.c >&5
configure:16521: $? = 0
configure:16529: result: inline
configure:16554: checking for special C compiler options needed for large files
configure:16599: result: no
configure:16605: checking for _FILE_OFFSET_BITS value needed for large files
configure:16630: gcc -c -g -O2  conftest.c >&5
configure:16630: $? = 0
configure:16662: result: no
configure:16757: checking dependency style of gcc
configure:16866: result: gcc3
configure:16891: checking for stdint.h
configure:16891: result: yes
configure:16891: checking for inttypes.h
configure:16891: result: yes
configure:16891: checking for sys/types.h
configure:16891: result: yes
configure:16891: checking getopt.h usability
configure:16891: gcc -c -g -O2  conftest.c >&5
configure:16891: $? = 0
configure:16891: result: yes
configure:16891: checking getopt.h presence
configure:16891: gcc -E  conftest.c
configure:16891: $? = 0
configure:16891: result: yes
configure:16891: checking for getopt.h
configure:16891: result: yes
configure:16891: checking malloc.h usability
configure:16891: gcc -c -g -O2  conftest.c >&5
configure:16891: $? = 0
configure:16891: result: yes
configure:16891: checking malloc.h presence
configure:16891: gcc -E  conftest.c
configure:16891: $? = 0
configure:16891: result: yes
configure:16891: checking for malloc.h
configure:16891: result: yes
configure:16891: checking sys/soundcard.h usability
configure:16891: gcc -c -g -O2  conftest.c >&5
configure:16891: $? = 0
configure:16891: result: yes
configure:16891: checking sys/soundcard.h presence
configure:16891: gcc -E  conftest.c
configure:16891: $? = 0
configure:16891: result: yes
configure:16891: checking for sys/soundcard.h
configure:16891: result: yes
configure:16904: checking for sin in -lm
configure:16929: gcc -o conftest -g -O2   conftest.c -lm   >&5
conftest.c:41:6: warning: conflicting types for built-in function 'sin' [-Wbuiltin-declaration-mismatch]
 char sin ();
      ^~~
configure:16929: $? = 0
configure:16938: result: yes
configure:16952: checking for posix_memalign
configure:16952: gcc -o conftest -g -O2   conftest.c -lm  >&5
conftest.c:58:6: warning: conflicting types for built-in function 'posix_memalign' [-Wbuiltin-declaration-mismatch]
 char posix_memalign ();
      ^~~~~~~~~~~~~~
configure:16952: $? = 0
configure:16952: result: yes
configure:16952: checking for memalign
configure:16952: gcc -o conftest -g -O2   conftest.c -lm  >&5
configure:16952: $? = 0
configure:16952: result: yes
configure:16952: checking for fmax
configure:16952: gcc -o conftest -g -O2   conftest.c -lm  >&5
conftest.c:60:6: warning: conflicting types for built-in function 'fmax' [-Wbuiltin-declaration-mismatch]
 char fmax ();
      ^~~~
configure:16952: $? = 0
configure:16952: result: yes
configure:16952: checking for fmin
configure:16952: gcc -o conftest -g -O2   conftest.c -lm  >&5
conftest.c:61:6: warning: conflicting types for built-in function 'fmin' [-Wbuiltin-declaration-mismatch]
 char fmin ();
      ^~~~
configure:16952: $? = 0
configure:16952: result: yes
configure:16952: checking for lround
configure:16952: gcc -o conftest -g -O2   conftest.c -lm  >&5
conftest.c:62:6: warning: conflicting types for built-in function 'lround' [-Wbuiltin-declaration-mismatch]
 char lround ();
      ^~~~~~
configure:16952: $? = 0
configure:16952: result: yes
configure:16962: checking for getopt_long
configure:16962: gcc -o conftest -g -O2   conftest.c -lm  >&5
configure:16962: $? = 0
configure:16962: result: yes
configure:17017: checking return type of signal handlers
configure:17035: gcc -c -g -O2  conftest.c >&5
conftest.c: In function 'main':
conftest.c:47:10: error: void value not ignored as it ought to be
 return *(signal (0, 0)) (0) == 1;
         ~^~~~~~~~~~~~~~~~~~
configure:17035: $? = 1
configure: failed program was:
| /* confdefs.h */
| #define PACKAGE_NAME "mjpegtools"
| #define PACKAGE_TARNAME "mjpegtools"
| #define PACKAGE_VERSION "2.0.1"
| #define PACKAGE_STRING "mjpegtools 2.0.1"
| #define PACKAGE_BUGREPORT "mjpeg-developer@lists.sourceforge.net"
| #define PACKAGE_URL ""
| #define PACKAGE "mjpegtools"
| #define VERSION "2.0.1"
| #define STDC_HEADERS 1
| #define HAVE_SYS_TYPES_H 1
| #define HAVE_SYS_STAT_H 1
| #define HAVE_STDLIB_H 1
| #define HAVE_STRING_H 1
| #define HAVE_MEMORY_H 1
| #define HAVE_STRINGS_H 1
| #define HAVE_INTTYPES_H 1
| #define HAVE_STDINT_H 1
| #define HAVE_UNISTD_H 1
| #define __EXTENSIONS__ 1
| #define _ALL_SOURCE 1
| #define _GNU_SOURCE 1
| #define _POSIX_PTHREAD_SEMANTICS 1
| #define _TANDEM_SOURCE 1
| #define HAVE_DLFCN_H 1
| #define LT_OBJDIR ".libs/"
| #define HAVE_STDINT_H 1
| #define HAVE_INTTYPES_H 1
| #define HAVE_SYS_TYPES_H 1
| #define HAVE_GETOPT_H 1
| #define HAVE_MALLOC_H 1
| #define HAVE_SYS_SOUNDCARD_H 1
| #define HAVE_LIBM 1
| #define HAVE_POSIX_MEMALIGN 1
| #define HAVE_MEMALIGN 1
| #define HAVE_FMAX 1
| #define HAVE_FMIN 1
| #define HAVE_LROUND 1
| #define HAVE_GETOPT_LONG 1
| /* end confdefs.h.  */
| #include <sys/types.h>
| #include <signal.h>
| 
| int
| main ()
| {
| return *(signal (0, 0)) (0) == 1;
|   ;
|   return 0;
| }
configure:17042: result: void
configure:17051: The host is x86_64-unknown-linux-gnu  x86_64  unknown  linux-gnu .
configure:17056: checking for alpha architecture
configure:17105: result: no
configure:17134: checking linux/videodev.h usability
configure:17134: gcc -c -g -O2  conftest.c >&5
conftest.c:75:10: fatal error: linux/videodev.h: No such file or directory
 #include <linux/videodev.h>
          ^~~~~~~~~~~~~~~~~~
compilation terminated.
configure:17134: $? = 1
configure: failed program was:
| /* confdefs.h */
| #define PACKAGE_NAME "mjpegtools"
| #define PACKAGE_TARNAME "mjpegtools"
| #define PACKAGE_VERSION "2.0.1"
| #define PACKAGE_STRING "mjpegtools 2.0.1"
| #define PACKAGE_BUGREPORT "mjpeg-developer@lists.sourceforge.net"
| #define PACKAGE_URL ""
| #define PACKAGE "mjpegtools"
| #define VERSION "2.0.1"
| #define STDC_HEADERS 1
| #define HAVE_SYS_TYPES_H 1
| #define HAVE_SYS_STAT_H 1
| #define HAVE_STDLIB_H 1
| #define HAVE_STRING_H 1
| #define HAVE_MEMORY_H 1
| #define HAVE_STRINGS_H 1
| #define HAVE_INTTYPES_H 1
| #define HAVE_STDINT_H 1
| #define HAVE_UNISTD_H 1
| #define __EXTENSIONS__ 1
| #define _ALL_SOURCE 1
| #define _GNU_SOURCE 1
| #define _POSIX_PTHREAD_SEMANTICS 1
| #define _TANDEM_SOURCE 1
| #define HAVE_DLFCN_H 1
| #define LT_OBJDIR ".libs/"
| #define HAVE_STDINT_H 1
| #define HAVE_INTTYPES_H 1
| #define HAVE_SYS_TYPES_H 1
| #define HAVE_GETOPT_H 1
| #define HAVE_MALLOC_H 1
| #define HAVE_SYS_SOUNDCARD_H 1
| #define HAVE_LIBM 1
| #define HAVE_POSIX_MEMALIGN 1
| #define HAVE_MEMALIGN 1
| #define HAVE_FMAX 1
| #define HAVE_FMIN 1
| #define HAVE_LROUND 1
| #define HAVE_GETOPT_LONG 1
| #define RETSIGTYPE void
| /* end confdefs.h.  */
| #include <stdio.h>
| #ifdef HAVE_SYS_TYPES_H
| # include <sys/types.h>
| #endif
| #ifdef HAVE_SYS_STAT_H
| # include <sys/stat.h>
| #endif
| #ifdef STDC_HEADERS
| # include <stdlib.h>
| # include <stddef.h>
| #else
| # ifdef HAVE_STDLIB_H
| #  include <stdlib.h>
| # endif
| #endif
| #ifdef HAVE_STRING_H
| # if !defined STDC_HEADERS && defined HAVE_MEMORY_H
| #  include <memory.h>
| # endif
| # include <string.h>
| #endif
| #ifdef HAVE_STRINGS_H
| # include <strings.h>
| #endif
| #ifdef HAVE_INTTYPES_H
| # include <inttypes.h>
| #endif
| #ifdef HAVE_STDINT_H
| # include <stdint.h>
| #endif
| #ifdef HAVE_UNISTD_H
| # include <unistd.h>
| #endif
| #include <linux/videodev.h>
configure:17134: result: no
configure:17134: checking linux/videodev.h presence
configure:17134: gcc -E  conftest.c
conftest.c:42:10: fatal error: linux/videodev.h: No such file or directory
 #include <linux/videodev.h>
          ^~~~~~~~~~~~~~~~~~
compilation terminated.
configure:17134: $? = 1
configure: failed program was:
| /* confdefs.h */
| #define PACKAGE_NAME "mjpegtools"
| #define PACKAGE_TARNAME "mjpegtools"
| #define PACKAGE_VERSION "2.0.1"
| #define PACKAGE_STRING "mjpegtools 2.0.1"
| #define PACKAGE_BUGREPORT "mjpeg-developer@lists.sourceforge.net"
| #define PACKAGE_URL ""
| #define PACKAGE "mjpegtools"
| #define VERSION "2.0.1"
| #define STDC_HEADERS 1
| #define HAVE_SYS_TYPES_H 1
| #define HAVE_SYS_STAT_H 1
| #define HAVE_STDLIB_H 1
| #define HAVE_STRING_H 1
| #define HAVE_MEMORY_H 1
| #define HAVE_STRINGS_H 1
| #define HAVE_INTTYPES_H 1
| #define HAVE_STDINT_H 1
| #define HAVE_UNISTD_H 1
| #define __EXTENSIONS__ 1
| #define _ALL_SOURCE 1
| #define _GNU_SOURCE 1
| #define _POSIX_PTHREAD_SEMANTICS 1
| #define _TANDEM_SOURCE 1
| #define HAVE_DLFCN_H 1
| #define LT_OBJDIR ".libs/"
| #define HAVE_STDINT_H 1
| #define HAVE_INTTYPES_H 1
| #define HAVE_SYS_TYPES_H 1
| #define HAVE_GETOPT_H 1
| #define HAVE_MALLOC_H 1
| #define HAVE_SYS_SOUNDCARD_H 1
| #define HAVE_LIBM 1
| #define HAVE_POSIX_MEMALIGN 1
| #define HAVE_MEMALIGN 1
| #define HAVE_FMAX 1
| #define HAVE_FMIN 1
| #define HAVE_LROUND 1
| #define HAVE_GETOPT_LONG 1
| #define RETSIGTYPE void
| /* end confdefs.h.  */
| #include <linux/videodev.h>
configure:17134: result: no
configure:17134: checking for linux/videodev.h
configure:17134: result: no
configure:17149: WARNING: videodev.h not found - please install the linux kernel headers programms needing v4l disabled
configure:17325: checking for the pthreads library -lpthreads
configure:17358: gcc -o conftest -g -O2    conftest.c -lpthreads -lm  >&5
conftest.c: In function 'main':
conftest.c:47:22: warning: null argument where non-null required (argument 1) [-Wnonnull]
                      pthread_attr_init(0); pthread_cleanup_push(0, 0);
                      ^~~~~~~~~~~~~~~~~
conftest.c:48:22: warning: null argument where non-null required (argument 1) [-Wnonnull]
                      pthread_create(0,0,0,0); pthread_cleanup_pop(0);
                      ^~~~~~~~~~~~~~
conftest.c:48:22: warning: null argument where non-null required (argument 3) [-Wnonnull]
/usr/bin/ld: cannot find -lpthreads
collect2: error: ld returned 1 exit status
configure:17358: $? = 1
configure: failed program was:
| /* confdefs.h */
| #define PACKAGE_NAME "mjpegtools"
| #define PACKAGE_TARNAME "mjpegtools"
| #define PACKAGE_VERSION "2.0.1"
| #define PACKAGE_STRING "mjpegtools 2.0.1"
| #define PACKAGE_BUGREPORT "mjpeg-developer@lists.sourceforge.net"
| #define PACKAGE_URL ""
| #define PACKAGE "mjpegtools"
| #define VERSION "2.0.1"
| #define STDC_HEADERS 1
| #define HAVE_SYS_TYPES_H 1
| #define HAVE_SYS_STAT_H 1
| #define HAVE_STDLIB_H 1
| #define HAVE_STRING_H 1
| #define HAVE_MEMORY_H 1
| #define HAVE_STRINGS_H 1
| #define HAVE_INTTYPES_H 1
| #define HAVE_STDINT_H 1
| #define HAVE_UNISTD_H 1
| #define __EXTENSIONS__ 1
| #define _ALL_SOURCE 1
| #define _GNU_SOURCE 1
| #define _POSIX_PTHREAD_SEMANTICS 1
| #define _TANDEM_SOURCE 1
| #define HAVE_DLFCN_H 1
| #define LT_OBJDIR ".libs/"
| #define HAVE_STDINT_H 1
| #define HAVE_INTTYPES_H 1
| #define HAVE_SYS_TYPES_H 1
| #define HAVE_GETOPT_H 1
| #define HAVE_MALLOC_H 1
| #define HAVE_SYS_SOUNDCARD_H 1
| #define HAVE_LIBM 1
| #define HAVE_POSIX_MEMALIGN 1
| #define HAVE_MEMALIGN 1
| #define HAVE_FMAX 1
| #define HAVE_FMIN 1
| #define HAVE_LROUND 1
| #define HAVE_GETOPT_LONG 1
| #define RETSIGTYPE void
| /* end confdefs.h.  */
| #include <pthread.h>
| int
| main ()
| {
| pthread_t th; pthread_join(th, 0);
|                      pthread_attr_init(0); pthread_cleanup_push(0, 0);
|                      pthread_create(0,0,0,0); pthread_cleanup_pop(0);
|   ;
|   return 0;
| }
configure:17367: result: no
configure:17270: checking whether pthreads work without any flags
configure:17358: gcc -o conftest -g -O2    conftest.c  -lm  >&5
conftest.c: In function 'main':
conftest.c:47:22: warning: null argument where non-null required (argument 1) [-Wnonnull]
                      pthread_attr_init(0); pthread_cleanup_push(0, 0);
                      ^~~~~~~~~~~~~~~~~
conftest.c:48:22: warning: null argument where non-null required (argument 1) [-Wnonnull]
                      pthread_create(0,0,0,0); pthread_cleanup_pop(0);
                      ^~~~~~~~~~~~~~
conftest.c:48:22: warning: null argument where non-null required (argument 3) [-Wnonnull]
/tmp/ccFBFB4P.o: In function `main':
/mjpegtools/conftest.c:46: undefined reference to `pthread_join'
/mjpegtools/conftest.c:47: undefined reference to `__pthread_register_cancel'
/mjpegtools/conftest.c:48: undefined reference to `pthread_create'
/mjpegtools/conftest.c:48: undefined reference to `__pthread_unregister_cancel'
collect2: error: ld returned 1 exit status
configure:17358: $? = 1
configure: failed program was:
| /* confdefs.h */
| #define PACKAGE_NAME "mjpegtools"
| #define PACKAGE_TARNAME "mjpegtools"
| #define PACKAGE_VERSION "2.0.1"
| #define PACKAGE_STRING "mjpegtools 2.0.1"
| #define PACKAGE_BUGREPORT "mjpeg-developer@lists.sourceforge.net"
| #define PACKAGE_URL ""
| #define PACKAGE "mjpegtools"
| #define VERSION "2.0.1"
| #define STDC_HEADERS 1
| #define HAVE_SYS_TYPES_H 1
| #define HAVE_SYS_STAT_H 1
| #define HAVE_STDLIB_H 1
| #define HAVE_STRING_H 1
| #define HAVE_MEMORY_H 1
| #define HAVE_STRINGS_H 1
| #define HAVE_INTTYPES_H 1
| #define HAVE_STDINT_H 1
| #define HAVE_UNISTD_H 1
| #define __EXTENSIONS__ 1
| #define _ALL_SOURCE 1
| #define _GNU_SOURCE 1
| #define _POSIX_PTHREAD_SEMANTICS 1
| #define _TANDEM_SOURCE 1
| #define HAVE_DLFCN_H 1
| #define LT_OBJDIR ".libs/"
| #define HAVE_STDINT_H 1
| #define HAVE_INTTYPES_H 1
| #define HAVE_SYS_TYPES_H 1
| #define HAVE_GETOPT_H 1
| #define HAVE_MALLOC_H 1
| #define HAVE_SYS_SOUNDCARD_H 1
| #define HAVE_LIBM 1
| #define HAVE_POSIX_MEMALIGN 1
| #define HAVE_MEMALIGN 1
| #define HAVE_FMAX 1
| #define HAVE_FMIN 1
| #define HAVE_LROUND 1
| #define HAVE_GETOPT_LONG 1
| #define RETSIGTYPE void
| /* end confdefs.h.  */
| #include <pthread.h>
| int
| main ()
| {
| pthread_t th; pthread_join(th, 0);
|                      pthread_attr_init(0); pthread_cleanup_push(0, 0);
|                      pthread_create(0,0,0,0); pthread_cleanup_pop(0);
|   ;
|   return 0;
| }
configure:17367: result: no
configure:17275: checking whether pthreads work with -Kthread
configure:17358: gcc -o conftest -g -O2 -Kthread   conftest.c  -lm  >&5
gcc: error: unrecognized command line option '-Kthread'; did you mean '-pthread'?
configure:17358: $? = 1
configure: failed program was:
| /* confdefs.h */
| #define PACKAGE_NAME "mjpegtools"
| #define PACKAGE_TARNAME "mjpegtools"
| #define PACKAGE_VERSION "2.0.1"
| #define PACKAGE_STRING "mjpegtools 2.0.1"
| #define PACKAGE_BUGREPORT "mjpeg-developer@lists.sourceforge.net"
| #define PACKAGE_URL ""
| #define PACKAGE "mjpegtools"
| #define VERSION "2.0.1"
| #define STDC_HEADERS 1
| #define HAVE_SYS_TYPES_H 1
| #define HAVE_SYS_STAT_H 1
| #define HAVE_STDLIB_H 1
| #define HAVE_STRING_H 1
| #define HAVE_MEMORY_H 1
| #define HAVE_STRINGS_H 1
| #define HAVE_INTTYPES_H 1
| #define HAVE_STDINT_H 1
| #define HAVE_UNISTD_H 1
| #define __EXTENSIONS__ 1
| #define _ALL_SOURCE 1
| #define _GNU_SOURCE 1
| #define _POSIX_PTHREAD_SEMANTICS 1
| #define _TANDEM_SOURCE 1
| #define HAVE_DLFCN_H 1
| #define LT_OBJDIR ".libs/"
| #define HAVE_STDINT_H 1
| #define HAVE_INTTYPES_H 1
| #define HAVE_SYS_TYPES_H 1
| #define HAVE_GETOPT_H 1
| #define HAVE_MALLOC_H 1
| #define HAVE_SYS_SOUNDCARD_H 1
| #define HAVE_LIBM 1
| #define HAVE_POSIX_MEMALIGN 1
| #define HAVE_MEMALIGN 1
| #define HAVE_FMAX 1
| #define HAVE_FMIN 1
| #define HAVE_LROUND 1
| #define HAVE_GETOPT_LONG 1
| #define RETSIGTYPE void
| /* end confdefs.h.  */
| #include <pthread.h>
| int
| main ()
| {
| pthread_t th; pthread_join(th, 0);
|                      pthread_attr_init(0); pthread_cleanup_push(0, 0);
|                      pthread_create(0,0,0,0); pthread_cleanup_pop(0);
|   ;
|   return 0;
| }
configure:17367: result: no
configure:17275: checking whether pthreads work with -kthread
configure:17358: gcc -o conftest -g -O2 -kthread   conftest.c  -lm  >&5
gcc: error: unrecognized command line option '-kthread'; did you mean '-pthread'?
configure:17358: $? = 1
configure: failed program was:
| /* confdefs.h */
| #define PACKAGE_NAME "mjpegtools"
| #define PACKAGE_TARNAME "mjpegtools"
| #define PACKAGE_VERSION "2.0.1"
| #define PACKAGE_STRING "mjpegtools 2.0.1"
| #define PACKAGE_BUGREPORT "mjpeg-developer@lists.sourceforge.net"
| #define PACKAGE_URL ""
| #define PACKAGE "mjpegtools"
| #define VERSION "2.0.1"
| #define STDC_HEADERS 1
| #define HAVE_SYS_TYPES_H 1
| #define HAVE_SYS_STAT_H 1
| #define HAVE_STDLIB_H 1
| #define HAVE_STRING_H 1
| #define HAVE_MEMORY_H 1
| #define HAVE_STRINGS_H 1
| #define HAVE_INTTYPES_H 1
| #define HAVE_STDINT_H 1
| #define HAVE_UNISTD_H 1
| #define __EXTENSIONS__ 1
| #define _ALL_SOURCE 1
| #define _GNU_SOURCE 1
| #define _POSIX_PTHREAD_SEMANTICS 1
| #define _TANDEM_SOURCE 1
| #define HAVE_DLFCN_H 1
| #define LT_OBJDIR ".libs/"
| #define HAVE_STDINT_H 1
| #define HAVE_INTTYPES_H 1
| #define HAVE_SYS_TYPES_H 1
| #define HAVE_GETOPT_H 1
| #define HAVE_MALLOC_H 1
| #define HAVE_SYS_SOUNDCARD_H 1
| #define HAVE_LIBM 1
| #define HAVE_POSIX_MEMALIGN 1
| #define HAVE_MEMALIGN 1
| #define HAVE_FMAX 1
| #define HAVE_FMIN 1
| #define HAVE_LROUND 1
| #define HAVE_GETOPT_LONG 1
| #define RETSIGTYPE void
| /* end confdefs.h.  */
| #include <pthread.h>
| int
| main ()
| {
| pthread_t th; pthread_join(th, 0);
|                      pthread_attr_init(0); pthread_cleanup_push(0, 0);
|                      pthread_create(0,0,0,0); pthread_cleanup_pop(0);
|   ;
|   return 0;
| }
configure:17367: result: no
configure:17325: checking for the pthreads library -llthread
configure:17358: gcc -o conftest -g -O2    conftest.c -llthread -lm  >&5
conftest.c: In function 'main':
conftest.c:47:22: warning: null argument where non-null required (argument 1) [-Wnonnull]
                      pthread_attr_init(0); pthread_cleanup_push(0, 0);
                      ^~~~~~~~~~~~~~~~~
conftest.c:48:22: warning: null argument where non-null required (argument 1) [-Wnonnull]
                      pthread_create(0,0,0,0); pthread_cleanup_pop(0);
                      ^~~~~~~~~~~~~~
conftest.c:48:22: warning: null argument where non-null required (argument 3) [-Wnonnull]
/usr/bin/ld: cannot find -llthread
collect2: error: ld returned 1 exit status
configure:17358: $? = 1
configure: failed program was:
| /* confdefs.h */
| #define PACKAGE_NAME "mjpegtools"
| #define PACKAGE_TARNAME "mjpegtools"
| #define PACKAGE_VERSION "2.0.1"
| #define PACKAGE_STRING "mjpegtools 2.0.1"
| #define PACKAGE_BUGREPORT "mjpeg-developer@lists.sourceforge.net"
| #define PACKAGE_URL ""
| #define PACKAGE "mjpegtools"
| #define VERSION "2.0.1"
| #define STDC_HEADERS 1
| #define HAVE_SYS_TYPES_H 1
| #define HAVE_SYS_STAT_H 1
| #define HAVE_STDLIB_H 1
| #define HAVE_STRING_H 1
| #define HAVE_MEMORY_H 1
| #define HAVE_STRINGS_H 1
| #define HAVE_INTTYPES_H 1
| #define HAVE_STDINT_H 1
| #define HAVE_UNISTD_H 1
| #define __EXTENSIONS__ 1
| #define _ALL_SOURCE 1
| #define _GNU_SOURCE 1
| #define _POSIX_PTHREAD_SEMANTICS 1
| #define _TANDEM_SOURCE 1
| #define HAVE_DLFCN_H 1
| #define LT_OBJDIR ".libs/"
| #define HAVE_STDINT_H 1
| #define HAVE_INTTYPES_H 1
| #define HAVE_SYS_TYPES_H 1
| #define HAVE_GETOPT_H 1
| #define HAVE_MALLOC_H 1
| #define HAVE_SYS_SOUNDCARD_H 1
| #define HAVE_LIBM 1
| #define HAVE_POSIX_MEMALIGN 1
| #define HAVE_MEMALIGN 1
| #define HAVE_FMAX 1
| #define HAVE_FMIN 1
| #define HAVE_LROUND 1
| #define HAVE_GETOPT_LONG 1
| #define RETSIGTYPE void
| /* end confdefs.h.  */
| #include <pthread.h>
| int
| main ()
| {
| pthread_t th; pthread_join(th, 0);
|                      pthread_attr_init(0); pthread_cleanup_push(0, 0);
|                      pthread_create(0,0,0,0); pthread_cleanup_pop(0);
|   ;
|   return 0;
| }
configure:17367: result: no
configure:17275: checking whether pthreads work with -pthread
configure:17358: gcc -o conftest -g -O2 -pthread   conftest.c  -lm  >&5
conftest.c: In function 'main':
conftest.c:47:22: warning: null argument where non-null required (argument 1) [-Wnonnull]
                      pthread_attr_init(0); pthread_cleanup_push(0, 0);
                      ^~~~~~~~~~~~~~~~~
conftest.c:48:22: warning: null argument where non-null required (argument 1) [-Wnonnull]
                      pthread_create(0,0,0,0); pthread_cleanup_pop(0);
                      ^~~~~~~~~~~~~~
conftest.c:48:22: warning: null argument where non-null required (argument 3) [-Wnonnull]
configure:17358: $? = 0
configure:17367: result: yes
configure:17387: checking for joinable pthread attribute
configure:17400: gcc -o conftest -g -O2 -pthread   conftest.c  -lm  >&5
configure:17400: $? = 0
configure:17432: result: PTHREAD_CREATE_JOINABLE
configure:17439: checking if more special flags are required for pthreads
configure:17446: result: no
configure:17458: checking for cc_r
configure:17486: result: gcc
configure:17525: checking for pthread_attr_getstacksize
configure:17525: gcc -o conftest -g -O2 -pthread   conftest.c -lm   >&5
configure:17525: $? = 0
configure:17525: result: yes
configure:17534: checking for jpeg_start_compress in -ljpeg
configure:17559: gcc -o conftest -g -O2 -pthread   conftest.c -ljpeg  -lm  >&5
configure:17559: $? = 0
configure:17568: result: yes
configure:17637: checking for pkg-config
configure:17655: found /usr/bin/pkg-config
configure:17667: result: /usr/bin/pkg-config
configure:17692: checking pkg-config is at least version 0.9.0
configure:17695: result: yes
configure:17708: checking for LIBQUICKTIME
configure:17715: $PKG_CONFIG --exists --print-errors "libquicktime > 0.9.7"
Package libquicktime was not found in the pkg-config search path.
Perhaps you should add the directory containing `libquicktime.pc'
to the PKG_CONFIG_PATH environment variable
No package 'libquicktime' found
configure:17718: $? = 1
configure:17731: $PKG_CONFIG --exists --print-errors "libquicktime > 0.9.7"
Package libquicktime was not found in the pkg-config search path.
Perhaps you should add the directory containing `libquicktime.pc'
to the PKG_CONFIG_PATH environment variable
No package 'libquicktime' found
configure:17734: $? = 1
configure:17747: result: no
No package 'libquicktime' found
configure:17792: checking for LIBPNG
configure:17799: $PKG_CONFIG --exists --print-errors "libpng"
configure:17802: $? = 0
configure:17815: $PKG_CONFIG --exists --print-errors "libpng"
configure:17818: $? = 0
configure:17855: result: yes
configure:17944: checking for LIBDV
configure:17951: $PKG_CONFIG --exists --print-errors "libdv >= 0.9"
configure:17954: $? = 0
configure:17967: $PKG_CONFIG --exists --print-errors "libdv >= 0.9"
configure:17970: $? = 0
configure:18007: result: yes
configure:18016: checking for X
configure:18124: gcc -E  conftest.c
conftest.c:45:10: fatal error: X11/Xlib.h: No such file or directory
 #include <X11/Xlib.h>
          ^~~~~~~~~~~~
compilation terminated.
configure:18124: $? = 1
configure: failed program was:
| /* confdefs.h */
| #define PACKAGE_NAME "mjpegtools"
| #define PACKAGE_TARNAME "mjpegtools"
| #define PACKAGE_VERSION "2.0.1"
| #define PACKAGE_STRING "mjpegtools 2.0.1"
| #define PACKAGE_BUGREPORT "mjpeg-developer@lists.sourceforge.net"
| #define PACKAGE_URL ""
| #define PACKAGE "mjpegtools"
| #define VERSION "2.0.1"
| #define STDC_HEADERS 1
| #define HAVE_SYS_TYPES_H 1
| #define HAVE_SYS_STAT_H 1
| #define HAVE_STDLIB_H 1
| #define HAVE_STRING_H 1
| #define HAVE_MEMORY_H 1
| #define HAVE_STRINGS_H 1
| #define HAVE_INTTYPES_H 1
| #define HAVE_STDINT_H 1
| #define HAVE_UNISTD_H 1
| #define __EXTENSIONS__ 1
| #define _ALL_SOURCE 1
| #define _GNU_SOURCE 1
| #define _POSIX_PTHREAD_SEMANTICS 1
| #define _TANDEM_SOURCE 1
| #define HAVE_DLFCN_H 1
| #define LT_OBJDIR ".libs/"
| #define HAVE_STDINT_H 1
| #define HAVE_INTTYPES_H 1
| #define HAVE_SYS_TYPES_H 1
| #define HAVE_GETOPT_H 1
| #define HAVE_MALLOC_H 1
| #define HAVE_SYS_SOUNDCARD_H 1
| #define HAVE_LIBM 1
| #define HAVE_POSIX_MEMALIGN 1
| #define HAVE_MEMALIGN 1
| #define HAVE_FMAX 1
| #define HAVE_FMIN 1
| #define HAVE_LROUND 1
| #define HAVE_GETOPT_LONG 1
| #define RETSIGTYPE void
| #define HAVE_PTHREAD 1
| #define HAVE_PTHREADSTACKSIZE 1
| #define HAVE_LIBDV 1
| /* end confdefs.h.  */
| #include <X11/Xlib.h>
configure:18155: gcc -o conftest -g -O2 -pthread   conftest.c -lX11 -lm  >&5
conftest.c:45:10: fatal error: X11/Xlib.h: No such file or directory
 #include <X11/Xlib.h>
          ^~~~~~~~~~~~
compilation terminated.
configure:18155: $? = 1
configure: failed program was:
| /* confdefs.h */
| #define PACKAGE_NAME "mjpegtools"
| #define PACKAGE_TARNAME "mjpegtools"
| #define PACKAGE_VERSION "2.0.1"
| #define PACKAGE_STRING "mjpegtools 2.0.1"
| #define PACKAGE_BUGREPORT "mjpeg-developer@lists.sourceforge.net"
| #define PACKAGE_URL ""
| #define PACKAGE "mjpegtools"
| #define VERSION "2.0.1"
| #define STDC_HEADERS 1
| #define HAVE_SYS_TYPES_H 1
| #define HAVE_SYS_STAT_H 1
| #define HAVE_STDLIB_H 1
| #define HAVE_STRING_H 1
| #define HAVE_MEMORY_H 1
| #define HAVE_STRINGS_H 1
| #define HAVE_INTTYPES_H 1
| #define HAVE_STDINT_H 1
| #define HAVE_UNISTD_H 1
| #define __EXTENSIONS__ 1
| #define _ALL_SOURCE 1
| #define _GNU_SOURCE 1
| #define _POSIX_PTHREAD_SEMANTICS 1
| #define _TANDEM_SOURCE 1
| #define HAVE_DLFCN_H 1
| #define LT_OBJDIR ".libs/"
| #define HAVE_STDINT_H 1
| #define HAVE_INTTYPES_H 1
| #define HAVE_SYS_TYPES_H 1
| #define HAVE_GETOPT_H 1
| #define HAVE_MALLOC_H 1
| #define HAVE_SYS_SOUNDCARD_H 1
| #define HAVE_LIBM 1
| #define HAVE_POSIX_MEMALIGN 1
| #define HAVE_MEMALIGN 1
| #define HAVE_FMAX 1
| #define HAVE_FMIN 1
| #define HAVE_LROUND 1
| #define HAVE_GETOPT_LONG 1
| #define RETSIGTYPE void
| #define HAVE_PTHREAD 1
| #define HAVE_PTHREADSTACKSIZE 1
| #define HAVE_LIBDV 1
| /* end confdefs.h.  */
| #include <X11/Xlib.h>
| int
| main ()
| {
| XrmInitialize ()
|   ;
|   return 0;
| }
configure:18194: result: no
configure:18700: checking for __progname
configure:18717: gcc -o conftest -g -O2 -pthread   conftest.c -lm  >&5
conftest.c: In function 'main':
conftest.c:51:51: warning: implicit declaration of function 'puts' [-Wimplicit-function-declaration]
                                                   puts(__progname);
                                                   ^~~~
configure:18717: $? = 0
configure:18725: result: yes
configure:18736: checking for XF86DGAQueryExtension in -lXxf86dga
configure:18761: gcc -o conftest -g -O2 -pthread   conftest.c -lXxf86dga   -lXext  -lm  >&5
/usr/bin/ld: cannot find -lXxf86dga
/usr/bin/ld: cannot find -lXext
collect2: error: ld returned 1 exit status
configure:18761: $? = 1
configure: failed program was:
| /* confdefs.h */
| #define PACKAGE_NAME "mjpegtools"
| #define PACKAGE_TARNAME "mjpegtools"
| #define PACKAGE_VERSION "2.0.1"
| #define PACKAGE_STRING "mjpegtools 2.0.1"
| #define PACKAGE_BUGREPORT "mjpeg-developer@lists.sourceforge.net"
| #define PACKAGE_URL ""
| #define PACKAGE "mjpegtools"
| #define VERSION "2.0.1"
| #define STDC_HEADERS 1
| #define HAVE_SYS_TYPES_H 1
| #define HAVE_SYS_STAT_H 1
| #define HAVE_STDLIB_H 1
| #define HAVE_STRING_H 1
| #define HAVE_MEMORY_H 1
| #define HAVE_STRINGS_H 1
| #define HAVE_INTTYPES_H 1
| #define HAVE_STDINT_H 1
| #define HAVE_UNISTD_H 1
| #define __EXTENSIONS__ 1
| #define _ALL_SOURCE 1
| #define _GNU_SOURCE 1
| #define _POSIX_PTHREAD_SEMANTICS 1
| #define _TANDEM_SOURCE 1
| #define HAVE_DLFCN_H 1
| #define LT_OBJDIR ".libs/"
| #define HAVE_STDINT_H 1
| #define HAVE_INTTYPES_H 1
| #define HAVE_SYS_TYPES_H 1
| #define HAVE_GETOPT_H 1
| #define HAVE_MALLOC_H 1
| #define HAVE_SYS_SOUNDCARD_H 1
| #define HAVE_LIBM 1
| #define HAVE_POSIX_MEMALIGN 1
| #define HAVE_MEMALIGN 1
| #define HAVE_FMAX 1
| #define HAVE_FMIN 1
| #define HAVE_LROUND 1
| #define HAVE_GETOPT_LONG 1
| #define RETSIGTYPE void
| #define HAVE_PTHREAD 1
| #define HAVE_PTHREADSTACKSIZE 1
| #define HAVE_LIBDV 1
| #define X_DISPLAY_MISSING 1
| #define HAVE___PROGNAME 1
| /* end confdefs.h.  */
| 
| /* Override any GCC internal prototype to avoid an error.
|    Use char because int might match the return type of a GCC
|    builtin and then its argument prototype would still apply.  */
| #ifdef __cplusplus
| extern "C"
| #endif
| char XF86DGAQueryExtension ();
| int
| main ()
| {
| return XF86DGAQueryExtension ();
|   ;
|   return 0;
| }
configure:18770: result: no
configure:18796: checking for GTK
configure:18803: $PKG_CONFIG --exists --print-errors "gtk+-2.0 >= 2.4.0"
Package gtk+-2.0 was not found in the pkg-config search path.
Perhaps you should add the directory containing `gtk+-2.0.pc'
to the PKG_CONFIG_PATH environment variable
No package 'gtk+-2.0' found
configure:18806: $? = 1
configure:18819: $PKG_CONFIG --exists --print-errors "gtk+-2.0 >= 2.4.0"
Package gtk+-2.0 was not found in the pkg-config search path.
Perhaps you should add the directory containing `gtk+-2.0.pc'
to the PKG_CONFIG_PATH environment variable
No package 'gtk+-2.0' found
configure:18822: $? = 1
configure:18835: result: no
No package 'gtk+-2.0' found
configure:18877: checking for SDL
configure:18884: $PKG_CONFIG --exists --print-errors "sdl > 1.1.3"
Package sdl was not found in the pkg-config search path.
Perhaps you should add the directory containing `sdl.pc'
to the PKG_CONFIG_PATH environment variable
No package 'sdl' found
configure:18887: $? = 1
configure:18900: $PKG_CONFIG --exists --print-errors "sdl > 1.1.3"
Package sdl was not found in the pkg-config search path.
Perhaps you should add the directory containing `sdl.pc'
to the PKG_CONFIG_PATH environment variable
No package 'sdl' found
configure:18903: $? = 1
configure:18916: result: no
No package 'sdl' found
configure:19026: checking Architecture
configure:19039: result: x86_64
configure:19077: checking if C compiler accepts inline MMX assembly
configure:19090: gcc -c -g -O2 -pthread  conftest.c >&5
configure:19090: $? = 0
configure:19097: result: yes
configure:19178: checking sub-architecture settings
configure:19187: result: -march=core2 -mtune=core2
configure:19267: checking what warning flags to pass to the C compiler
configure:19287: result: -Wall -Wunused
configure:19289: result: 
configure:19429: checking that generated files are newer than configure
configure:19435: result: done
configure:19523: creating ./config.status

## ---------------------- ##
## Running config.status. ##
## ---------------------- ##

This file was extended by mjpegtools config.status 2.0.1, which was
generated by GNU Autoconf 2.69.  Invocation command line was

  CONFIG_FILES    = 
  CONFIG_HEADERS  = 
  CONFIG_LINKS    = 
  CONFIG_COMMANDS = 
  $ ./config.status 

on 650bcc594c15

config.status:1256: creating Makefile
config.status:1256: creating debian/Makefile
config.status:1256: creating debian/control
config.status:1256: creating docs/Makefile
config.status:1256: creating lavtools/Makefile
config.status:1256: creating yuvcorrect/Makefile
config.status:1256: creating yuvdenoise/Makefile
config.status:1256: creating yuvdeinterlace/Makefile
config.status:1256: creating yuvscaler/Makefile
config.status:1256: creating y4munsharp/Makefile
config.status:1256: creating y4mutils/Makefile
config.status:1256: creating yuvfilters/Makefile
config.status:1256: creating mpeg2enc/Makefile
config.status:1256: creating aenc/Makefile
config.status:1256: creating mplex/Makefile
config.status:1256: creating scripts/Makefile
config.status:1256: creating utils/Makefile
config.status:1256: creating utils/altivec/Makefile
config.status:1256: creating utils/mmxsse/Makefile
config.status:1256: creating y4mdenoise/Makefile
config.status:1256: creating mjpegtools.pc
config.status:1256: creating mjpegtools.spec
config.status:1256: creating config.h
config.status:1485: executing depfiles commands
config.status:1485: executing libtool commands
configure:22034: 
configure:22036:  MJPEG tools 2.0.1 build configuration :
configure:22038: 
configure:22041:   - X86 Optimizations:
configure:22043:     - MMX/3DNow!/SSE enabled      : true
configure:22053:   - arch/cpu compiler flags       : -march=core2 -mtune=core2
configure:22060:   - video4linux recording/playback: false
configure:22062:   - software MJPEG playback       : false
configure:22064:   - Quicktime playback/recording  : false
configure:22066:   - PNG input support             : true
configure:22068:   - AVI MJPEG playback/recording  : true (always)
configure:22070:   - libDV (digital video) support : true 
configure:22072:   - Gtk+ support for glav         : false
configure:22074: 

## ---------------- ##
## Cache variables. ##
## ---------------- ##

ac_cv_build=x86_64-unknown-linux-gnu
ac_cv_c_bigendian=no
ac_cv_c_compiler_gnu=yes
ac_cv_c_const=yes
ac_cv_c_inline=inline
ac_cv_cxx_compiler_gnu=yes
ac_cv_env_CCASFLAGS_set=
ac_cv_env_CCASFLAGS_value=
ac_cv_env_CCAS_set=
ac_cv_env_CCAS_value=
ac_cv_env_CCC_set=
ac_cv_env_CCC_value=
ac_cv_env_CC_set=
ac_cv_env_CC_value=
ac_cv_env_CFLAGS_set=
ac_cv_env_CFLAGS_value=
ac_cv_env_CPPFLAGS_set=
ac_cv_env_CPPFLAGS_value=
ac_cv_env_CPP_set=
ac_cv_env_CPP_value=
ac_cv_env_CXXCPP_set=
ac_cv_env_CXXCPP_value=
ac_cv_env_CXXFLAGS_set=
ac_cv_env_CXXFLAGS_value=
ac_cv_env_CXX_set=
ac_cv_env_CXX_value=
ac_cv_env_GTK_CFLAGS_set=
ac_cv_env_GTK_CFLAGS_value=
ac_cv_env_GTK_LIBS_set=
ac_cv_env_GTK_LIBS_value=
ac_cv_env_LDFLAGS_set=
ac_cv_env_LDFLAGS_value=
ac_cv_env_LIBDV_CFLAGS_set=
ac_cv_env_LIBDV_CFLAGS_value=
ac_cv_env_LIBDV_LIBS_set=
ac_cv_env_LIBDV_LIBS_value=
ac_cv_env_LIBPNG_CFLAGS_set=
ac_cv_env_LIBPNG_CFLAGS_value=
ac_cv_env_LIBPNG_LIBS_set=
ac_cv_env_LIBPNG_LIBS_value=
ac_cv_env_LIBQUICKTIME_CFLAGS_set=
ac_cv_env_LIBQUICKTIME_CFLAGS_value=
ac_cv_env_LIBQUICKTIME_LIBS_set=
ac_cv_env_LIBQUICKTIME_LIBS_value=
ac_cv_env_LIBS_set=
ac_cv_env_LIBS_value=
ac_cv_env_PKG_CONFIG_LIBDIR_set=
ac_cv_env_PKG_CONFIG_LIBDIR_value=
ac_cv_env_PKG_CONFIG_PATH_set=
ac_cv_env_PKG_CONFIG_PATH_value=
ac_cv_env_PKG_CONFIG_set=
ac_cv_env_PKG_CONFIG_value=
ac_cv_env_SDL_CFLAGS_set=
ac_cv_env_SDL_CFLAGS_value=
ac_cv_env_SDL_LIBS_set=
ac_cv_env_SDL_LIBS_value=
ac_cv_env_XMKMF_set=
ac_cv_env_XMKMF_value=
ac_cv_env_build_alias_set=
ac_cv_env_build_alias_value=
ac_cv_env_host_alias_set=
ac_cv_env_host_alias_value=
ac_cv_env_target_alias_set=
ac_cv_env_target_alias_value=
ac_cv_func_fmax=yes
ac_cv_func_fmin=yes
ac_cv_func_getopt_long=yes
ac_cv_func_lround=yes
ac_cv_func_memalign=yes
ac_cv_func_posix_memalign=yes
ac_cv_func_pthread_attr_getstacksize=yes
ac_cv_have_x=have_x=no
ac_cv_header_dlfcn_h=yes
ac_cv_header_getopt_h=yes
ac_cv_header_inttypes_h=yes
ac_cv_header_linux_videodev_h=no
ac_cv_header_malloc_h=yes
ac_cv_header_memory_h=yes
ac_cv_header_minix_config_h=no
ac_cv_header_stdc=yes
ac_cv_header_stdint_h=yes
ac_cv_header_stdlib_h=yes
ac_cv_header_string_h=yes
ac_cv_header_strings_h=yes
ac_cv_header_sys_soundcard_h=yes
ac_cv_header_sys_stat_h=yes
ac_cv_header_sys_types_h=yes
ac_cv_header_unistd_h=yes
ac_cv_host=x86_64-unknown-linux-gnu
ac_cv_lib_Xxf86dga_XF86DGAQueryExtension=no
ac_cv_lib_jpeg_jpeg_start_compress=yes
ac_cv_lib_m_sin=yes
ac_cv_objext=o
ac_cv_path_EGREP='/bin/grep -E'
ac_cv_path_FGREP='/bin/grep -F'
ac_cv_path_GREP=/bin/grep
ac_cv_path_SED=/bin/sed
ac_cv_path_ac_pt_PKG_CONFIG=/usr/bin/pkg-config
ac_cv_path_install='/usr/bin/install -c'
ac_cv_path_mkdir=/bin/mkdir
ac_cv_prog_AWK=mawk
ac_cv_prog_CPP='gcc -E'
ac_cv_prog_CXXCPP='g++ -E'
ac_cv_prog_PTHREAD_CC=gcc
ac_cv_prog_ac_ct_AR=ar
ac_cv_prog_ac_ct_CC=gcc
ac_cv_prog_ac_ct_CXX=g++
ac_cv_prog_ac_ct_OBJDUMP=objdump
ac_cv_prog_ac_ct_RANLIB=ranlib
ac_cv_prog_ac_ct_STRIP=strip
ac_cv_prog_cc_c89=
ac_cv_prog_cc_g=yes
ac_cv_prog_cc_gcc_c_o=yes
ac_cv_prog_cxx_g=yes
ac_cv_prog_make_make_set=yes
ac_cv_safe_to_define___extensions__=yes
ac_cv_sys_file_offset_bits=no
ac_cv_sys_largefile_CC=no
ac_cv_type_signal=void
am_cv_CCAS_dependencies_compiler_type=gcc3
am_cv_CC_dependencies_compiler_type=gcc3
am_cv_CXX_dependencies_compiler_type=gcc3
lt_cv_ar_at_file=@
lt_cv_archive_cmds_need_lc=no
lt_cv_deplibs_check_method=pass_all
lt_cv_file_magic_cmd='$MAGIC_CMD'
lt_cv_file_magic_test_file=
lt_cv_ld_reload_flag=-r
lt_cv_nm_interface='BSD nm'
lt_cv_objdir=.libs
lt_cv_path_LD=/usr/bin/ld
lt_cv_path_LDCXX=/usr/bin/ld
lt_cv_path_NM='/usr/bin/nm -B'
lt_cv_path_mainfest_tool=no
lt_cv_prog_compiler_c_o=yes
lt_cv_prog_compiler_c_o_CXX=yes
lt_cv_prog_compiler_pic='-fPIC -DPIC'
lt_cv_prog_compiler_pic_CXX='-fPIC -DPIC'
lt_cv_prog_compiler_pic_works=yes
lt_cv_prog_compiler_pic_works_CXX=yes
lt_cv_prog_compiler_rtti_exceptions=no
lt_cv_prog_compiler_static_works=yes
lt_cv_prog_compiler_static_works_CXX=yes
lt_cv_prog_gnu_ld=yes
lt_cv_prog_gnu_ldcxx=yes
lt_cv_sharedlib_from_linklib_cmd='printf %s\n'
lt_cv_shlibpath_overrides_runpath=yes
lt_cv_sys_global_symbol_pipe='sed -n -e '\''s/^.*[	 ]\([ABCDGIRSTW][ABCDGIRSTW]*\)[	 ][	 ]*\([_A-Za-z][_A-Za-z0-9]*\)$/\1 \2 \2/p'\'' | sed '\''/ __gnu_lto/d'\'''
lt_cv_sys_global_symbol_to_c_name_address='sed -n -e '\''s/^: \([^ ]*\)[ ]*$/  {\"\1\", (void *) 0},/p'\'' -e '\''s/^[ABCDGIRSTW]* \([^ ]*\) \([^ ]*\)$/  {"\2", (void *) \&\2},/p'\'''
lt_cv_sys_global_symbol_to_c_name_address_lib_prefix='sed -n -e '\''s/^: \([^ ]*\)[ ]*$/  {\"\1\", (void *) 0},/p'\'' -e '\''s/^[ABCDGIRSTW]* \([^ ]*\) \(lib[^ ]*\)$/  {"\2", (void *) \&\2},/p'\'' -e '\''s/^[ABCDGIRSTW]* \([^ ]*\) \([^ ]*\)$/  {"lib\2", (void *) \&\2},/p'\'''
lt_cv_sys_global_symbol_to_cdecl='sed -n -e '\''s/^T .* \(.*\)$/extern int \1();/p'\'' -e '\''s/^[ABCDGIRSTW]* .* \(.*\)$/extern char \1;/p'\'''
lt_cv_sys_max_cmd_len=1572864
lt_cv_to_host_file_cmd=func_convert_file_noop
lt_cv_to_tool_file_cmd=func_convert_file_noop
mjt_cv_extern___progname=yes
pkg_cv_LIBDV_CFLAGS=
pkg_cv_LIBDV_LIBS='-ldv -lm'
pkg_cv_LIBPNG_CFLAGS=-I/usr/include/libpng16
pkg_cv_LIBPNG_LIBS='-lpng16 -lz'

## ----------------- ##
## Output variables. ##
## ----------------- ##

ACLOCAL='${SHELL} /mjpegtools/missing --run aclocal-1.12'
ALTIVEC_EXTRA_LIBS=''
AMDEPBACKSLASH='\'
AMDEP_FALSE='#'
AMDEP_TRUE=''
AMTAR='$${TAR-tar}'
AR='ar'
AUTOCONF='${SHELL} /mjpegtools/missing --run autoconf'
AUTOHEADER='${SHELL} /mjpegtools/missing --run autoheader'
AUTOMAKE='${SHELL} /mjpegtools/missing --run automake-1.12'
AWK='mawk'
CC='gcc'
CCAS='gcc'
CCASDEPMODE='depmode=gcc3'
CCASFLAGS='-g -O2'
CCDEPMODE='depmode=gcc3'
CFLAGS='-march=core2 -mtune=core2 -g -O2 -pthread -Wall -Wunused'
CPP='gcc -E'
CPPFLAGS=''
CXX='g++'
CXXCPP='g++ -E'
CXXDEPMODE='depmode=gcc3'
CXXFLAGS='-march=core2 -mtune=core2 -g -O2 -pthread '
CYGPATH_W='echo'
DEFS='-DHAVE_CONFIG_H'
DEPDIR='.deps'
DLLTOOL='false'
DSYMUTIL=''
DUMPBIN=''
ECHO_C=''
ECHO_N='-n'
ECHO_T=''
EGREP='/bin/grep -E'
EXEEXT=''
EXTRA_LDFLAGS=''
FGREP='/bin/grep -F'
GREP='/bin/grep'
GTK_CFLAGS=''
GTK_LIBS=''
HAVE_ALTIVEC_FALSE=''
HAVE_ALTIVEC_TRUE='#'
HAVE_ASM_MMX_FALSE='#'
HAVE_ASM_MMX_TRUE=''
HAVE_GTK_FALSE=''
HAVE_GTK_TRUE='#'
HAVE_LIBPNG_FALSE='#'
HAVE_LIBPNG_TRUE=''
HAVE_LIBQUICKTIME_FALSE=''
HAVE_LIBQUICKTIME_TRUE='#'
HAVE_LIBXXF86DGA_FALSE=''
HAVE_LIBXXF86DGA_TRUE='#'
HAVE_PPCCPU_FALSE=''
HAVE_PPCCPU_TRUE='#'
HAVE_SDL_FALSE=''
HAVE_SDL_TRUE='#'
HAVE_SDLgfx_FALSE=''
HAVE_SDLgfx_TRUE='#'
HAVE_V4L_FALSE=''
HAVE_V4L_OR_SDL_FALSE=''
HAVE_V4L_OR_SDL_TRUE='#'
HAVE_V4L_TRUE='#'
HAVE_X86CPU_FALSE='#'
HAVE_X86CPU_TRUE=''
INSTALL_DATA='${INSTALL} -m 644'
INSTALL_PROGRAM='${INSTALL}'
INSTALL_SCRIPT='${INSTALL}'
INSTALL_STRIP_PROGRAM='$(install_sh) -c -s'
JPEG_CFLAGS=''
JPEG_LIBS='-ljpeg'
LD='/usr/bin/ld'
LDFLAGS=''
LIBDV_CFLAGS=''
LIBDV_LIBS='-ldv -lm'
LIBGETOPT_LIB=''
LIBM_LIBS='-lm '
LIBOBJS=''
LIBPNG_CFLAGS='-I/usr/include/libpng16'
LIBPNG_LIBS='-lpng16 -lz'
LIBQUICKTIME_CFLAGS=''
LIBQUICKTIME_LIBS=''
LIBS='-lm '
LIBTOOL='$(SHELL) $(top_builddir)/libtool'
LIPO=''
LN_S='ln -s'
LTLIBOBJS=''
LT_AGE='1'
LT_CURRENT='1'
LT_RELEASE='2.0'
LT_REVISION='1'
LT_STATIC=''
MAINT='#'
MAINTAINER_MODE_FALSE=''
MAINTAINER_MODE_TRUE='#'
MAKEINFO='${SHELL} /mjpegtools/missing --run makeinfo'
MANIFEST_TOOL=':'
MKDIR_P='/bin/mkdir -p'
NM='/usr/bin/nm -B'
NMEDIT=''
OBJDUMP='objdump'
OBJEXT='o'
OTOOL64=''
OTOOL=''
PACKAGE='mjpegtools'
PACKAGE_BUGREPORT='mjpeg-developer@lists.sourceforge.net'
PACKAGE_NAME='mjpegtools'
PACKAGE_STRING='mjpegtools 2.0.1'
PACKAGE_TARNAME='mjpegtools'
PACKAGE_URL=''
PACKAGE_VERSION='2.0.1'
PATH_SEPARATOR=':'
PKG_CONFIG='/usr/bin/pkg-config'
PKG_CONFIG_LIBDIR=''
PKG_CONFIG_PATH=''
PROGRAM_NOPIC='-fPIC'
PTHREAD_CC='gcc'
PTHREAD_CFLAGS='-pthread'
PTHREAD_LIBS=''
RANLIB='ranlib'
SDL_CFLAGS=''
SDL_LIBS=''
SDLgfx_LIBS=''
SED='/bin/sed'
SET_MAKE=''
SHELL='/bin/bash'
STRIP='strip'
V4LCONF_LIBS=''
VERSION='2.0.1'
XMKMF=''
X_CFLAGS=''
X_EXTRA_LIBS=''
X_LIBS=''
X_PRE_LIBS=''
ac_ct_AR='ar'
ac_ct_CC='gcc'
ac_ct_CXX='g++'
ac_ct_DUMPBIN=''
acx_pthread_config=''
am__EXEEXT_FALSE=''
am__EXEEXT_TRUE='#'
am__fastdepCCAS_FALSE='#'
am__fastdepCCAS_TRUE=''
am__fastdepCC_FALSE='#'
am__fastdepCC_TRUE=''
am__fastdepCXX_FALSE='#'
am__fastdepCXX_TRUE=''
am__include='include'
am__isrc=''
am__leading_dot='.'
am__nodep='_no'
am__quote=''
am__tar='$${TAR-tar} chof - "$$tardir"'
am__untar='$${TAR-tar} xf -'
bindir='${exec_prefix}/bin'
build='x86_64-unknown-linux-gnu'
build_alias=''
build_cpu='x86_64'
build_os='linux-gnu'
build_vendor='unknown'
datadir='${datarootdir}'
datarootdir='${prefix}/share'
docdir='${datarootdir}/doc/${PACKAGE_TARNAME}'
dvidir='${docdir}'
exec_prefix='${prefix}'
host='x86_64-unknown-linux-gnu'
host_alias=''
host_cpu='x86_64'
host_os='linux-gnu'
host_vendor='unknown'
htmldir='${docdir}'
includedir='${prefix}/include'
infodir='${datarootdir}/info'
install_sh='${SHELL} /mjpegtools/install-sh'
libdir='${exec_prefix}/lib'
libexecdir='${exec_prefix}/libexec'
localedir='${datarootdir}/locale'
localstatedir='${prefix}/var'
mandir='${datarootdir}/man'
mkdir_p='/bin/mkdir -p'
oldincludedir='/usr/include'
pdfdir='${docdir}'
prefix='/usr/local'
program_transform_name='s,x,x,'
psdir='${docdir}'
runstatedir='${localstatedir}/run'
sbindir='${exec_prefix}/sbin'
sharedstatedir='${prefix}/com'
sysconfdir='${prefix}/etc'
target_alias=''

## ----------- ##
## confdefs.h. ##
## ----------- ##

/* confdefs.h */
#define PACKAGE_NAME "mjpegtools"
#define PACKAGE_TARNAME "mjpegtools"
#define PACKAGE_VERSION "2.0.1"
#define PACKAGE_STRING "mjpegtools 2.0.1"
#define PACKAGE_BUGREPORT "mjpeg-developer@lists.sourceforge.net"
#define PACKAGE_URL ""
#define PACKAGE "mjpegtools"
#define VERSION "2.0.1"
#define STDC_HEADERS 1
#define HAVE_SYS_TYPES_H 1
#define HAVE_SYS_STAT_H 1
#define HAVE_STDLIB_H 1
#define HAVE_STRING_H 1
#define HAVE_MEMORY_H 1
#define HAVE_STRINGS_H 1
#define HAVE_INTTYPES_H 1
#define HAVE_STDINT_H 1
#define HAVE_UNISTD_H 1
#define __EXTENSIONS__ 1
#define _ALL_SOURCE 1
#define _GNU_SOURCE 1
#define _POSIX_PTHREAD_SEMANTICS 1
#define _TANDEM_SOURCE 1
#define HAVE_DLFCN_H 1
#define LT_OBJDIR ".libs/"
#define HAVE_STDINT_H 1
#define HAVE_INTTYPES_H 1
#define HAVE_SYS_TYPES_H 1
#define HAVE_GETOPT_H 1
#define HAVE_MALLOC_H 1
#define HAVE_SYS_SOUNDCARD_H 1
#define HAVE_LIBM 1
#define HAVE_POSIX_MEMALIGN 1
#define HAVE_MEMALIGN 1
#define HAVE_FMAX 1
#define HAVE_FMIN 1
#define HAVE_LROUND 1
#define HAVE_GETOPT_LONG 1
#define RETSIGTYPE void
#define HAVE_PTHREAD 1
#define HAVE_PTHREADSTACKSIZE 1
#define HAVE_LIBDV 1
#define X_DISPLAY_MISSING 1
#define HAVE___PROGNAME 1
#define HAVE_X86CPU 1
#define HAVE_ASM_MMX 1
#define MJPEGTOOLS 1

configure: exit 0
